-------------------------------------------------------------------------------
Test set: com.example.demo.CaseModuleApplicationTests
-------------------------------------------------------------------------------
Tests run: 1, Failures: 0, Errors: 1, Skipped: 0, Time elapsed: 11.902 s <<< FAILURE! - in com.example.demo.CaseModuleApplicationTests
contextLoads(com.example.demo.CaseModuleApplicationTests)  Time elapsed: 0.001 s  <<< ERROR!
java.lang.IllegalStateException: Failed to load ApplicationContext
Caused by: java.lang.IllegalStateException: Failed to execute CommandLineRunner
Caused by: org.springframework.dao.InvalidDataAccessResourceUsageException: could not execute statement; SQL [n/a]; nested exception is org.hibernate.exception.SQLGrammarException: could not execute statement
Caused by: org.hibernate.exception.SQLGrammarException: could not execute statement
Caused by: com.mysql.jdbc.exceptions.jdbc4.MySQLSyntaxErrorException: You have an error in your SQL syntax; check the manual that corresponds to your MySQL server version for the right syntax to use near 'case (case_number, court, court_number, judge, note, case_id) values (123, 'Drza' at line 1

